{"/Users/farfama/Documents/Coding Projects/React/react-quiz-app/src/components/CreditsModal.jsx": {"path":"/Users/farfama/Documents/Coding Projects/React/react-quiz-app/src/components/CreditsModal.jsx","statementMap":{"0":{"start":{"line":7,"column":23},"end":{"line":7,"column":24}},"1":{"start":{"line":9,"column":4},"end":{"line":10,"column":null}},"2":{"start":{"line":40,"column":35},"end":{"line":40,"column":41}}},"fnMap":{"0":{"name":"CreditsModal","decl":{"start":{"line":5,"column":24},"end":{"line":5,"column":37}},"loc":{"start":{"line":5,"column":43},"end":{"line":51,"column":null}}},"1":{"name":"(anonymous_1)","decl":{"start":{"line":40,"column":29},"end":{"line":40,"column":35}},"loc":{"start":{"line":40,"column":35},"end":{"line":40,"column":41}}}},"branchMap":{},"s":{"0":5,"1":5,"2":0},"f":{"0":5,"1":0},"b":{}}
}
